{
  "C:\\Users\\jober\\Documents\\repositories\\2020.1-eSaudeUnB-FrontEnd\\src\\components\\LandingNavBar.js": {
    "path": "C:\\Users\\jober\\Documents\\repositories\\2020.1-eSaudeUnB-FrontEnd\\src\\components\\LandingNavBar.js",
    "statementMap": {
      "0": {
        "start": {
          "line": 10,
          "column": 4
        },
        "end": {
          "line": 25,
          "column": 6
        }
      }
    },
    "fnMap": {
      "0": {
        "name": "LandingNavBar",
        "decl": {
          "start": {
            "line": 9,
            "column": 24
          },
          "end": {
            "line": 9,
            "column": 37
          }
        },
        "loc": {
          "start": {
            "line": 9,
            "column": 40
          },
          "end": {
            "line": 26,
            "column": 1
          }
        },
        "line": 9
      }
    },
    "branchMap": {},
    "s": {
      "0": 8
    },
    "f": {
      "0": 8
    },
    "b": {},
    "_coverageSchema": "1a1c01bbd47fc00a2c39e90264f33305004495a9",
    "hash": "a248efaf2fd39cef899d30db82b44fe7386985e7"
  },
  "C:\\Users\\jober\\Documents\\repositories\\2020.1-eSaudeUnB-FrontEnd\\src\\components\\Footer.js": {
    "path": "C:\\Users\\jober\\Documents\\repositories\\2020.1-eSaudeUnB-FrontEnd\\src\\components\\Footer.js",
    "statementMap": {
      "0": {
        "start": {
          "line": 8,
          "column": 4
        },
        "end": {
          "line": 16,
          "column": 6
        }
      }
    },
    "fnMap": {
      "0": {
        "name": "Footer",
        "decl": {
          "start": {
            "line": 7,
            "column": 24
          },
          "end": {
            "line": 7,
            "column": 30
          }
        },
        "loc": {
          "start": {
            "line": 7,
            "column": 33
          },
          "end": {
            "line": 17,
            "column": 1
          }
        },
        "line": 7
      }
    },
    "branchMap": {},
    "s": {
      "0": 616
    },
    "f": {
      "0": 616
    },
    "b": {},
    "_coverageSchema": "1a1c01bbd47fc00a2c39e90264f33305004495a9",
    "hash": "4dd1161efe1a52e92661eb46951689448033bf03"
  },
  "C:\\Users\\jober\\Documents\\repositories\\2020.1-eSaudeUnB-FrontEnd\\src\\pages\\Landing\\index.js": {
    "path": "C:\\Users\\jober\\Documents\\repositories\\2020.1-eSaudeUnB-FrontEnd\\src\\pages\\Landing\\index.js",
    "statementMap": {
      "0": {
        "start": {
          "line": 33,
          "column": 4
        },
        "end": {
          "line": 309,
          "column": 6
        }
      }
    },
    "fnMap": {
      "0": {
        "name": "Landing",
        "decl": {
          "start": {
            "line": 32,
            "column": 24
          },
          "end": {
            "line": 32,
            "column": 31
          }
        },
        "loc": {
          "start": {
            "line": 32,
            "column": 34
          },
          "end": {
            "line": 310,
            "column": 1
          }
        },
        "line": 32
      }
    },
    "branchMap": {
      "0": {
        "loc": {
          "start": {
            "line": 67,
            "column": 24
          },
          "end": {
            "line": 75,
            "column": 25
          }
        },
        "type": "cond-expr",
        "locations": [
          {
            "start": {
              "line": 68,
              "column": 28
            },
            "end": {
              "line": 72,
              "column": 38
            }
          },
          {
            "start": {
              "line": 74,
              "column": 28
            },
            "end": {
              "line": 74,
              "column": 33
            }
          }
        ],
        "line": 67
      }
    },
    "s": {
      "0": 8
    },
    "f": {
      "0": 8
    },
    "b": {
      "0": [
        8,
        0
      ]
    },
    "_coverageSchema": "1a1c01bbd47fc00a2c39e90264f33305004495a9",
    "hash": "000c53be0e5375fa3d9c62478006542ef7fd2663"
  },
  "C:\\Users\\jober\\Documents\\repositories\\2020.1-eSaudeUnB-FrontEnd\\src\\services\\api.js": {
    "path": "C:\\Users\\jober\\Documents\\repositories\\2020.1-eSaudeUnB-FrontEnd\\src\\services\\api.js",
    "statementMap": {
      "0": {
        "start": {
          "line": 3,
          "column": 12
        },
        "end": {
          "line": 5,
          "column": 2
        }
      }
    },
    "fnMap": {},
    "branchMap": {},
    "s": {
      "0": 135
    },
    "f": {},
    "b": {},
    "_coverageSchema": "1a1c01bbd47fc00a2c39e90264f33305004495a9",
    "hash": "32d9b93226249d156ff69344a3d998ea4f96392f"
  },
  "C:\\Users\\jober\\Documents\\repositories\\2020.1-eSaudeUnB-FrontEnd\\src\\components\\Logo.js": {
    "path": "C:\\Users\\jober\\Documents\\repositories\\2020.1-eSaudeUnB-FrontEnd\\src\\components\\Logo.js",
    "statementMap": {
      "0": {
        "start": {
          "line": 6,
          "column": 4
        },
        "end": {
          "line": 13,
          "column": 6
        }
      }
    },
    "fnMap": {
      "0": {
        "name": "Logo",
        "decl": {
          "start": {
            "line": 5,
            "column": 24
          },
          "end": {
            "line": 5,
            "column": 28
          }
        },
        "loc": {
          "start": {
            "line": 5,
            "column": 31
          },
          "end": {
            "line": 14,
            "column": 1
          }
        },
        "line": 5
      }
    },
    "branchMap": {},
    "s": {
      "0": 1939
    },
    "f": {
      "0": 1939
    },
    "b": {},
    "_coverageSchema": "1a1c01bbd47fc00a2c39e90264f33305004495a9",
    "hash": "40f0ab90542d0ec06267370f1beb8d0fc98ca92f"
  },
  "C:\\Users\\jober\\Documents\\repositories\\2020.1-eSaudeUnB-FrontEnd\\src\\components\\Input.js": {
    "path": "C:\\Users\\jober\\Documents\\repositories\\2020.1-eSaudeUnB-FrontEnd\\src\\components\\Input.js",
    "statementMap": {
      "0": {
        "start": {
          "line": 7,
          "column": 4
        },
        "end": {
          "line": 17,
          "column": 6
        }
      },
      "1": {
        "start": {
          "line": 13,
          "column": 33
        },
        "end": {
          "line": 13,
          "column": 57
        }
      },
      "2": {
        "start": {
          "line": 19,
          "column": 0
        },
        "end": {
          "line": 26,
          "column": 2
        }
      }
    },
    "fnMap": {
      "0": {
        "name": "Input",
        "decl": {
          "start": {
            "line": 4,
            "column": 24
          },
          "end": {
            "line": 4,
            "column": 29
          }
        },
        "loc": {
          "start": {
            "line": 6,
            "column": 3
          },
          "end": {
            "line": 18,
            "column": 1
          }
        },
        "line": 6
      },
      "1": {
        "name": "(anonymous_1)",
        "decl": {
          "start": {
            "line": 13,
            "column": 26
          },
          "end": {
            "line": 13,
            "column": 27
          }
        },
        "loc": {
          "start": {
            "line": 13,
            "column": 33
          },
          "end": {
            "line": 13,
            "column": 57
          }
        },
        "line": 13
      }
    },
    "branchMap": {},
    "s": {
      "0": 18784,
      "1": 3039,
      "2": 135
    },
    "f": {
      "0": 18784,
      "1": 3039
    },
    "b": {},
    "_coverageSchema": "1a1c01bbd47fc00a2c39e90264f33305004495a9",
    "hash": "ee77a2620f59b1a8600babb7087155e580e9bb10"
  },
  "C:\\Users\\jober\\Documents\\repositories\\2020.1-eSaudeUnB-FrontEnd\\src\\pages\\LandingLogin\\index.js": {
    "path": "C:\\Users\\jober\\Documents\\repositories\\2020.1-eSaudeUnB-FrontEnd\\src\\pages\\LandingLogin\\index.js",
    "statementMap": {
      "0": {
        "start": {
          "line": 14,
          "column": 30
        },
        "end": {
          "line": 14,
          "column": 42
        }
      },
      "1": {
        "start": {
          "line": 15,
          "column": 36
        },
        "end": {
          "line": 15,
          "column": 48
        }
      },
      "2": {
        "start": {
          "line": 17,
          "column": 28
        },
        "end": {
          "line": 17,
          "column": 43
        }
      },
      "3": {
        "start": {
          "line": 18,
          "column": 38
        },
        "end": {
          "line": 18,
          "column": 50
        }
      },
      "4": {
        "start": {
          "line": 19,
          "column": 34
        },
        "end": {
          "line": 19,
          "column": 46
        }
      },
      "5": {
        "start": {
          "line": 21,
          "column": 40
        },
        "end": {
          "line": 21,
          "column": 55
        }
      },
      "6": {
        "start": {
          "line": 22,
          "column": 48
        },
        "end": {
          "line": 22,
          "column": 60
        }
      },
      "7": {
        "start": {
          "line": 23,
          "column": 38
        },
        "end": {
          "line": 23,
          "column": 53
        }
      },
      "8": {
        "start": {
          "line": 24,
          "column": 50
        },
        "end": {
          "line": 24,
          "column": 62
        }
      },
      "9": {
        "start": {
          "line": 26,
          "column": 20
        },
        "end": {
          "line": 26,
          "column": 32
        }
      },
      "10": {
        "start": {
          "line": 29,
          "column": 8
        },
        "end": {
          "line": 65,
          "column": 9
        }
      },
      "11": {
        "start": {
          "line": 30,
          "column": 33
        },
        "end": {
          "line": 30,
          "column": 88
        }
      },
      "12": {
        "start": {
          "line": 31,
          "column": 12
        },
        "end": {
          "line": 41,
          "column": 13
        }
      },
      "13": {
        "start": {
          "line": 32,
          "column": 16
        },
        "end": {
          "line": 32,
          "column": 36
        }
      },
      "14": {
        "start": {
          "line": 33,
          "column": 16
        },
        "end": {
          "line": 33,
          "column": 30
        }
      },
      "15": {
        "start": {
          "line": 34,
          "column": 16
        },
        "end": {
          "line": 34,
          "column": 38
        }
      },
      "16": {
        "start": {
          "line": 35,
          "column": 16
        },
        "end": {
          "line": 37,
          "column": 18
        }
      },
      "17": {
        "start": {
          "line": 38,
          "column": 16
        },
        "end": {
          "line": 40,
          "column": 25
        }
      },
      "18": {
        "start": {
          "line": 39,
          "column": 20
        },
        "end": {
          "line": 39,
          "column": 35
        }
      },
      "19": {
        "start": {
          "line": 43,
          "column": 12
        },
        "end": {
          "line": 64,
          "column": 13
        }
      },
      "20": {
        "start": {
          "line": 44,
          "column": 16
        },
        "end": {
          "line": 63,
          "column": 17
        }
      },
      "21": {
        "start": {
          "line": 45,
          "column": 40
        },
        "end": {
          "line": 45,
          "column": 94
        }
      },
      "22": {
        "start": {
          "line": 47,
          "column": 20
        },
        "end": {
          "line": 57,
          "column": 21
        }
      },
      "23": {
        "start": {
          "line": 48,
          "column": 24
        },
        "end": {
          "line": 48,
          "column": 44
        }
      },
      "24": {
        "start": {
          "line": 49,
          "column": 24
        },
        "end": {
          "line": 49,
          "column": 38
        }
      },
      "25": {
        "start": {
          "line": 50,
          "column": 24
        },
        "end": {
          "line": 50,
          "column": 46
        }
      },
      "26": {
        "start": {
          "line": 51,
          "column": 24
        },
        "end": {
          "line": 53,
          "column": 26
        }
      },
      "27": {
        "start": {
          "line": 54,
          "column": 24
        },
        "end": {
          "line": 56,
          "column": 33
        }
      },
      "28": {
        "start": {
          "line": 55,
          "column": 28
        },
        "end": {
          "line": 55,
          "column": 43
        }
      },
      "29": {
        "start": {
          "line": 59,
          "column": 20
        },
        "end": {
          "line": 62,
          "column": 21
        }
      },
      "30": {
        "start": {
          "line": 60,
          "column": 24
        },
        "end": {
          "line": 60,
          "column": 66
        }
      },
      "31": {
        "start": {
          "line": 61,
          "column": 24
        },
        "end": {
          "line": 61,
          "column": 44
        }
      },
      "32": {
        "start": {
          "line": 69,
          "column": 8
        },
        "end": {
          "line": 138,
          "column": 9
        }
      },
      "33": {
        "start": {
          "line": 70,
          "column": 12
        },
        "end": {
          "line": 70,
          "column": 35
        }
      },
      "34": {
        "start": {
          "line": 72,
          "column": 33
        },
        "end": {
          "line": 75,
          "column": 14
        }
      },
      "35": {
        "start": {
          "line": 77,
          "column": 12
        },
        "end": {
          "line": 94,
          "column": 13
        }
      },
      "36": {
        "start": {
          "line": 78,
          "column": 16
        },
        "end": {
          "line": 78,
          "column": 83
        }
      },
      "37": {
        "start": {
          "line": 79,
          "column": 16
        },
        "end": {
          "line": 79,
          "column": 52
        }
      },
      "38": {
        "start": {
          "line": 80,
          "column": 16
        },
        "end": {
          "line": 87,
          "column": 17
        }
      },
      "39": {
        "start": {
          "line": 81,
          "column": 20
        },
        "end": {
          "line": 86,
          "column": 23
        }
      },
      "40": {
        "start": {
          "line": 88,
          "column": 16
        },
        "end": {
          "line": 93,
          "column": 19
        }
      },
      "41": {
        "start": {
          "line": 96,
          "column": 12
        },
        "end": {
          "line": 137,
          "column": 13
        }
      },
      "42": {
        "start": {
          "line": 97,
          "column": 36
        },
        "end": {
          "line": 100,
          "column": 18
        }
      },
      "43": {
        "start": {
          "line": 102,
          "column": 16
        },
        "end": {
          "line": 119,
          "column": 17
        }
      },
      "44": {
        "start": {
          "line": 103,
          "column": 20
        },
        "end": {
          "line": 103,
          "column": 86
        }
      },
      "45": {
        "start": {
          "line": 104,
          "column": 20
        },
        "end": {
          "line": 104,
          "column": 56
        }
      },
      "46": {
        "start": {
          "line": 105,
          "column": 20
        },
        "end": {
          "line": 112,
          "column": 21
        }
      },
      "47": {
        "start": {
          "line": 106,
          "column": 24
        },
        "end": {
          "line": 111,
          "column": 27
        }
      },
      "48": {
        "start": {
          "line": 113,
          "column": 20
        },
        "end": {
          "line": 118,
          "column": 23
        }
      },
      "49": {
        "start": {
          "line": 121,
          "column": 16
        },
        "end": {
          "line": 128,
          "column": 17
        }
      },
      "50": {
        "start": {
          "line": 125,
          "column": 20
        },
        "end": {
          "line": 125,
          "column": 34
        }
      },
      "51": {
        "start": {
          "line": 126,
          "column": 20
        },
        "end": {
          "line": 126,
          "column": 41
        }
      },
      "52": {
        "start": {
          "line": 127,
          "column": 20
        },
        "end": {
          "line": 127,
          "column": 78
        }
      },
      "53": {
        "start": {
          "line": 130,
          "column": 16
        },
        "end": {
          "line": 136,
          "column": 17
        }
      },
      "54": {
        "start": {
          "line": 131,
          "column": 20
        },
        "end": {
          "line": 131,
          "column": 34
        }
      },
      "55": {
        "start": {
          "line": 132,
          "column": 20
        },
        "end": {
          "line": 132,
          "column": 41
        }
      },
      "56": {
        "start": {
          "line": 133,
          "column": 20
        },
        "end": {
          "line": 135,
          "column": 22
        }
      },
      "57": {
        "start": {
          "line": 140,
          "column": 8
        },
        "end": {
          "line": 142,
          "column": 17
        }
      },
      "58": {
        "start": {
          "line": 141,
          "column": 12
        },
        "end": {
          "line": 141,
          "column": 27
        }
      },
      "59": {
        "start": {
          "line": 145,
          "column": 4
        },
        "end": {
          "line": 240,
          "column": 6
        }
      },
      "60": {
        "start": {
          "line": 177,
          "column": 59
        },
        "end": {
          "line": 177,
          "column": 77
        }
      },
      "61": {
        "start": {
          "line": 183,
          "column": 42
        },
        "end": {
          "line": 183,
          "column": 61
        }
      },
      "62": {
        "start": {
          "line": 223,
          "column": 40
        },
        "end": {
          "line": 223,
          "column": 61
        }
      },
      "63": {
        "start": {
          "line": 224,
          "column": 40
        },
        "end": {
          "line": 224,
          "column": 60
        }
      },
      "64": {
        "start": {
          "line": 225,
          "column": 40
        },
        "end": {
          "line": 225,
          "column": 63
        }
      }
    },
    "fnMap": {
      "0": {
        "name": "LandingLogin",
        "decl": {
          "start": {
            "line": 13,
            "column": 24
          },
          "end": {
            "line": 13,
            "column": 36
          }
        },
        "loc": {
          "start": {
            "line": 13,
            "column": 39
          },
          "end": {
            "line": 241,
            "column": 1
          }
        },
        "line": 13
      },
      "1": {
        "name": "resetPassword",
        "decl": {
          "start": {
            "line": 28,
            "column": 19
          },
          "end": {
            "line": 28,
            "column": 32
          }
        },
        "loc": {
          "start": {
            "line": 28,
            "column": 35
          },
          "end": {
            "line": 66,
            "column": 5
          }
        },
        "line": 28
      },
      "2": {
        "name": "(anonymous_2)",
        "decl": {
          "start": {
            "line": 38,
            "column": 27
          },
          "end": {
            "line": 38,
            "column": 28
          }
        },
        "loc": {
          "start": {
            "line": 38,
            "column": 33
          },
          "end": {
            "line": 40,
            "column": 17
          }
        },
        "line": 38
      },
      "3": {
        "name": "(anonymous_3)",
        "decl": {
          "start": {
            "line": 54,
            "column": 35
          },
          "end": {
            "line": 54,
            "column": 36
          }
        },
        "loc": {
          "start": {
            "line": 54,
            "column": 41
          },
          "end": {
            "line": 56,
            "column": 25
          }
        },
        "line": 54
      },
      "4": {
        "name": "handleLogin",
        "decl": {
          "start": {
            "line": 68,
            "column": 19
          },
          "end": {
            "line": 68,
            "column": 30
          }
        },
        "loc": {
          "start": {
            "line": 68,
            "column": 38
          },
          "end": {
            "line": 143,
            "column": 5
          }
        },
        "line": 68
      },
      "5": {
        "name": "(anonymous_5)",
        "decl": {
          "start": {
            "line": 140,
            "column": 27
          },
          "end": {
            "line": 140,
            "column": 28
          }
        },
        "loc": {
          "start": {
            "line": 140,
            "column": 33
          },
          "end": {
            "line": 142,
            "column": 9
          }
        },
        "line": 140
      },
      "6": {
        "name": "(anonymous_6)",
        "decl": {
          "start": {
            "line": 177,
            "column": 53
          },
          "end": {
            "line": 177,
            "column": 54
          }
        },
        "loc": {
          "start": {
            "line": 177,
            "column": 59
          },
          "end": {
            "line": 177,
            "column": 77
          }
        },
        "line": 177
      },
      "7": {
        "name": "(anonymous_7)",
        "decl": {
          "start": {
            "line": 183,
            "column": 36
          },
          "end": {
            "line": 183,
            "column": 37
          }
        },
        "loc": {
          "start": {
            "line": 183,
            "column": 42
          },
          "end": {
            "line": 183,
            "column": 61
          }
        },
        "line": 183
      },
      "8": {
        "name": "(anonymous_8)",
        "decl": {
          "start": {
            "line": 222,
            "column": 45
          },
          "end": {
            "line": 222,
            "column": 46
          }
        },
        "loc": {
          "start": {
            "line": 222,
            "column": 51
          },
          "end": {
            "line": 226,
            "column": 37
          }
        },
        "line": 222
      }
    },
    "branchMap": {
      "0": {
        "loc": {
          "start": {
            "line": 31,
            "column": 12
          },
          "end": {
            "line": 41,
            "column": 13
          }
        },
        "type": "if",
        "locations": [
          {
            "start": {
              "line": 31,
              "column": 12
            },
            "end": {
              "line": 41,
              "column": 13
            }
          },
          {
            "start": {
              "line": 31,
              "column": 12
            },
            "end": {
              "line": 41,
              "column": 13
            }
          }
        ],
        "line": 31
      },
      "1": {
        "loc": {
          "start": {
            "line": 43,
            "column": 12
          },
          "end": {
            "line": 64,
            "column": 13
          }
        },
        "type": "if",
        "locations": [
          {
            "start": {
              "line": 43,
              "column": 12
            },
            "end": {
              "line": 64,
              "column": 13
            }
          },
          {
            "start": {
              "line": 43,
              "column": 12
            },
            "end": {
              "line": 64,
              "column": 13
            }
          }
        ],
        "line": 43
      },
      "2": {
        "loc": {
          "start": {
            "line": 47,
            "column": 20
          },
          "end": {
            "line": 57,
            "column": 21
          }
        },
        "type": "if",
        "locations": [
          {
            "start": {
              "line": 47,
              "column": 20
            },
            "end": {
              "line": 57,
              "column": 21
            }
          },
          {
            "start": {
              "line": 47,
              "column": 20
            },
            "end": {
              "line": 57,
              "column": 21
            }
          }
        ],
        "line": 47
      },
      "3": {
        "loc": {
          "start": {
            "line": 59,
            "column": 20
          },
          "end": {
            "line": 62,
            "column": 21
          }
        },
        "type": "if",
        "locations": [
          {
            "start": {
              "line": 59,
              "column": 20
            },
            "end": {
              "line": 62,
              "column": 21
            }
          },
          {
            "start": {
              "line": 59,
              "column": 20
            },
            "end": {
              "line": 62,
              "column": 21
            }
          }
        ],
        "line": 59
      },
      "4": {
        "loc": {
          "start": {
            "line": 77,
            "column": 12
          },
          "end": {
            "line": 94,
            "column": 13
          }
        },
        "type": "if",
        "locations": [
          {
            "start": {
              "line": 77,
              "column": 12
            },
            "end": {
              "line": 94,
              "column": 13
            }
          },
          {
            "start": {
              "line": 77,
              "column": 12
            },
            "end": {
              "line": 94,
              "column": 13
            }
          }
        ],
        "line": 77
      },
      "5": {
        "loc": {
          "start": {
            "line": 77,
            "column": 16
          },
          "end": {
            "line": 77,
            "column": 74
          }
        },
        "type": "binary-expr",
        "locations": [
          {
            "start": {
              "line": 77,
              "column": 16
            },
            "end": {
              "line": 77,
              "column": 43
            }
          },
          {
            "start": {
              "line": 77,
              "column": 47
            },
            "end": {
              "line": 77,
              "column": 74
            }
          }
        ],
        "line": 77
      },
      "6": {
        "loc": {
          "start": {
            "line": 80,
            "column": 16
          },
          "end": {
            "line": 87,
            "column": 17
          }
        },
        "type": "if",
        "locations": [
          {
            "start": {
              "line": 80,
              "column": 16
            },
            "end": {
              "line": 87,
              "column": 17
            }
          },
          {
            "start": {
              "line": 80,
              "column": 16
            },
            "end": {
              "line": 87,
              "column": 17
            }
          }
        ],
        "line": 80
      },
      "7": {
        "loc": {
          "start": {
            "line": 102,
            "column": 16
          },
          "end": {
            "line": 119,
            "column": 17
          }
        },
        "type": "if",
        "locations": [
          {
            "start": {
              "line": 102,
              "column": 16
            },
            "end": {
              "line": 119,
              "column": 17
            }
          },
          {
            "start": {
              "line": 102,
              "column": 16
            },
            "end": {
              "line": 119,
              "column": 17
            }
          }
        ],
        "line": 102
      },
      "8": {
        "loc": {
          "start": {
            "line": 102,
            "column": 20
          },
          "end": {
            "line": 102,
            "column": 76
          }
        },
        "type": "binary-expr",
        "locations": [
          {
            "start": {
              "line": 102,
              "column": 20
            },
            "end": {
              "line": 102,
              "column": 46
            }
          },
          {
            "start": {
              "line": 102,
              "column": 50
            },
            "end": {
              "line": 102,
              "column": 76
            }
          }
        ],
        "line": 102
      },
      "9": {
        "loc": {
          "start": {
            "line": 105,
            "column": 20
          },
          "end": {
            "line": 112,
            "column": 21
          }
        },
        "type": "if",
        "locations": [
          {
            "start": {
              "line": 105,
              "column": 20
            },
            "end": {
              "line": 112,
              "column": 21
            }
          },
          {
            "start": {
              "line": 105,
              "column": 20
            },
            "end": {
              "line": 112,
              "column": 21
            }
          }
        ],
        "line": 105
      },
      "10": {
        "loc": {
          "start": {
            "line": 121,
            "column": 16
          },
          "end": {
            "line": 128,
            "column": 17
          }
        },
        "type": "if",
        "locations": [
          {
            "start": {
              "line": 121,
              "column": 16
            },
            "end": {
              "line": 128,
              "column": 17
            }
          },
          {
            "start": {
              "line": 121,
              "column": 16
            },
            "end": {
              "line": 128,
              "column": 17
            }
          }
        ],
        "line": 121
      },
      "11": {
        "loc": {
          "start": {
            "line": 122,
            "column": 20
          },
          "end": {
            "line": 123,
            "column": 51
          }
        },
        "type": "binary-expr",
        "locations": [
          {
            "start": {
              "line": 122,
              "column": 20
            },
            "end": {
              "line": 122,
              "column": 48
            }
          },
          {
            "start": {
              "line": 123,
              "column": 23
            },
            "end": {
              "line": 123,
              "column": 51
            }
          }
        ],
        "line": 122
      },
      "12": {
        "loc": {
          "start": {
            "line": 130,
            "column": 16
          },
          "end": {
            "line": 136,
            "column": 17
          }
        },
        "type": "if",
        "locations": [
          {
            "start": {
              "line": 130,
              "column": 16
            },
            "end": {
              "line": 136,
              "column": 17
            }
          },
          {
            "start": {
              "line": 130,
              "column": 16
            },
            "end": {
              "line": 136,
              "column": 17
            }
          }
        ],
        "line": 130
      },
      "13": {
        "loc": {
          "start": {
            "line": 147,
            "column": 13
          },
          "end": {
            "line": 153,
            "column": 13
          }
        },
        "type": "cond-expr",
        "locations": [
          {
            "start": {
              "line": 148,
              "column": 16
            },
            "end": {
              "line": 150,
              "column": 24
            }
          },
          {
            "start": {
              "line": 152,
              "column": 16
            },
            "end": {
              "line": 152,
              "column": 27
            }
          }
        ],
        "line": 147
      },
      "14": {
        "loc": {
          "start": {
            "line": 204,
            "column": 41
          },
          "end": {
            "line": 214,
            "column": 41
          }
        },
        "type": "cond-expr",
        "locations": [
          {
            "start": {
              "line": 205,
              "column": 44
            },
            "end": {
              "line": 209,
              "column": 50
            }
          },
          {
            "start": {
              "line": 211,
              "column": 44
            },
            "end": {
              "line": 213,
              "column": 50
            }
          }
        ],
        "line": 204
      }
    },
    "s": {
      "0": 2542,
      "1": 2542,
      "2": 2542,
      "3": 2542,
      "4": 2542,
      "5": 2542,
      "6": 2542,
      "7": 2542,
      "8": 2542,
      "9": 2542,
      "10": 8,
      "11": 8,
      "12": 4,
      "13": 4,
      "14": 4,
      "15": 4,
      "16": 4,
      "17": 4,
      "18": 4,
      "19": 4,
      "20": 4,
      "21": 4,
      "22": 2,
      "23": 2,
      "24": 2,
      "25": 2,
      "26": 2,
      "27": 2,
      "28": 2,
      "29": 2,
      "30": 2,
      "31": 2,
      "32": 43,
      "33": 43,
      "34": 43,
      "35": 10,
      "36": 10,
      "37": 10,
      "38": 10,
      "39": 0,
      "40": 10,
      "41": 29,
      "42": 29,
      "43": 23,
      "44": 23,
      "45": 23,
      "46": 23,
      "47": 0,
      "48": 23,
      "49": 4,
      "50": 2,
      "51": 2,
      "52": 2,
      "53": 4,
      "54": 2,
      "55": 2,
      "56": 2,
      "57": 4,
      "58": 2,
      "59": 2542,
      "60": 8,
      "61": 0,
      "62": 0,
      "63": 0,
      "64": 0
    },
    "f": {
      "0": 2542,
      "1": 8,
      "2": 4,
      "3": 2,
      "4": 43,
      "5": 2,
      "6": 8,
      "7": 0,
      "8": 0
    },
    "b": {
      "0": [
        4,
        0
      ],
      "1": [
        4,
        0
      ],
      "2": [
        2,
        0
      ],
      "3": [
        2,
        0
      ],
      "4": [
        10,
        0
      ],
      "5": [
        10,
        0
      ],
      "6": [
        0,
        10
      ],
      "7": [
        23,
        0
      ],
      "8": [
        23,
        0
      ],
      "9": [
        0,
        23
      ],
      "10": [
        2,
        2
      ],
      "11": [
        4,
        2
      ],
      "12": [
        2,
        2
      ],
      "13": [
        60,
        2482
      ],
      "14": [
        4,
        2538
      ]
    },
    "_coverageSchema": "1a1c01bbd47fc00a2c39e90264f33305004495a9",
    "hash": "c595fd0f2018ab082923cc6826237e7c756b8a35"
  },
  "C:\\Users\\jober\\Documents\\repositories\\2020.1-eSaudeUnB-FrontEnd\\src\\pages\\LandingSignUp\\index.js": {
    "path": "C:\\Users\\jober\\Documents\\repositories\\2020.1-eSaudeUnB-FrontEnd\\src\\pages\\LandingSignUp\\index.js",
    "statementMap": {
      "0": {
        "start": {
          "line": 14,
          "column": 28
        },
        "end": {
          "line": 14,
          "column": 40
        }
      },
      "1": {
        "start": {
          "line": 15,
          "column": 36
        },
        "end": {
          "line": 15,
          "column": 48
        }
      },
      "2": {
        "start": {
          "line": 16,
          "column": 30
        },
        "end": {
          "line": 16,
          "column": 42
        }
      },
      "3": {
        "start": {
          "line": 17,
          "column": 36
        },
        "end": {
          "line": 17,
          "column": 48
        }
      },
      "4": {
        "start": {
          "line": 18,
          "column": 50
        },
        "end": {
          "line": 18,
          "column": 62
        }
      },
      "5": {
        "start": {
          "line": 19,
          "column": 28
        },
        "end": {
          "line": 19,
          "column": 43
        }
      },
      "6": {
        "start": {
          "line": 20,
          "column": 38
        },
        "end": {
          "line": 20,
          "column": 50
        }
      },
      "7": {
        "start": {
          "line": 21,
          "column": 34
        },
        "end": {
          "line": 21,
          "column": 46
        }
      },
      "8": {
        "start": {
          "line": 22,
          "column": 52
        },
        "end": {
          "line": 22,
          "column": 67
        }
      },
      "9": {
        "start": {
          "line": 23,
          "column": 60
        },
        "end": {
          "line": 23,
          "column": 75
        }
      },
      "10": {
        "start": {
          "line": 24,
          "column": 54
        },
        "end": {
          "line": 24,
          "column": 69
        }
      },
      "11": {
        "start": {
          "line": 25,
          "column": 60
        },
        "end": {
          "line": 25,
          "column": 75
        }
      },
      "12": {
        "start": {
          "line": 29,
          "column": 8
        },
        "end": {
          "line": 29,
          "column": 23
        }
      },
      "13": {
        "start": {
          "line": 31,
          "column": 20
        },
        "end": {
          "line": 31,
          "column": 32
        }
      },
      "14": {
        "start": {
          "line": 34,
          "column": 8
        },
        "end": {
          "line": 34,
          "column": 35
        }
      },
      "15": {
        "start": {
          "line": 35,
          "column": 8
        },
        "end": {
          "line": 35,
          "column": 39
        }
      },
      "16": {
        "start": {
          "line": 36,
          "column": 8
        },
        "end": {
          "line": 36,
          "column": 36
        }
      },
      "17": {
        "start": {
          "line": 37,
          "column": 8
        },
        "end": {
          "line": 37,
          "column": 39
        }
      },
      "18": {
        "start": {
          "line": 38,
          "column": 8
        },
        "end": {
          "line": 38,
          "column": 46
        }
      },
      "19": {
        "start": {
          "line": 42,
          "column": 8
        },
        "end": {
          "line": 116,
          "column": 9
        }
      },
      "20": {
        "start": {
          "line": 43,
          "column": 12
        },
        "end": {
          "line": 43,
          "column": 35
        }
      },
      "21": {
        "start": {
          "line": 45,
          "column": 25
        },
        "end": {
          "line": 50,
          "column": 13
        }
      },
      "22": {
        "start": {
          "line": 52,
          "column": 12
        },
        "end": {
          "line": 58,
          "column": 13
        }
      },
      "23": {
        "start": {
          "line": 53,
          "column": 16
        },
        "end": {
          "line": 53,
          "column": 30
        }
      },
      "24": {
        "start": {
          "line": 54,
          "column": 16
        },
        "end": {
          "line": 54,
          "column": 37
        }
      },
      "25": {
        "start": {
          "line": 55,
          "column": 16
        },
        "end": {
          "line": 57,
          "column": 18
        }
      },
      "26": {
        "start": {
          "line": 60,
          "column": 29
        },
        "end": {
          "line": 60,
          "column": 59
        }
      },
      "27": {
        "start": {
          "line": 62,
          "column": 12
        },
        "end": {
          "line": 92,
          "column": 13
        }
      },
      "28": {
        "start": {
          "line": 63,
          "column": 36
        },
        "end": {
          "line": 63,
          "column": 55
        }
      },
      "29": {
        "start": {
          "line": 64,
          "column": 16
        },
        "end": {
          "line": 64,
          "column": 30
        }
      },
      "30": {
        "start": {
          "line": 66,
          "column": 16
        },
        "end": {
          "line": 86,
          "column": 17
        }
      },
      "31": {
        "start": {
          "line": 67,
          "column": 32
        },
        "end": {
          "line": 67,
          "column": 33
        }
      },
      "32": {
        "start": {
          "line": 71,
          "column": 20
        },
        "end": {
          "line": 73,
          "column": 21
        }
      },
      "33": {
        "start": {
          "line": 72,
          "column": 24
        },
        "end": {
          "line": 72,
          "column": 50
        }
      },
      "34": {
        "start": {
          "line": 74,
          "column": 20
        },
        "end": {
          "line": 76,
          "column": 21
        }
      },
      "35": {
        "start": {
          "line": 75,
          "column": 24
        },
        "end": {
          "line": 75,
          "column": 54
        }
      },
      "36": {
        "start": {
          "line": 77,
          "column": 20
        },
        "end": {
          "line": 79,
          "column": 21
        }
      },
      "37": {
        "start": {
          "line": 78,
          "column": 24
        },
        "end": {
          "line": 78,
          "column": 51
        }
      },
      "38": {
        "start": {
          "line": 80,
          "column": 20
        },
        "end": {
          "line": 82,
          "column": 21
        }
      },
      "39": {
        "start": {
          "line": 81,
          "column": 24
        },
        "end": {
          "line": 81,
          "column": 54
        }
      },
      "40": {
        "start": {
          "line": 83,
          "column": 20
        },
        "end": {
          "line": 85,
          "column": 21
        }
      },
      "41": {
        "start": {
          "line": 84,
          "column": 24
        },
        "end": {
          "line": 84,
          "column": 68
        }
      },
      "42": {
        "start": {
          "line": 88,
          "column": 16
        },
        "end": {
          "line": 90,
          "column": 25
        }
      },
      "43": {
        "start": {
          "line": 89,
          "column": 20
        },
        "end": {
          "line": 89,
          "column": 35
        }
      },
      "44": {
        "start": {
          "line": 91,
          "column": 16
        },
        "end": {
          "line": 91,
          "column": 53
        }
      },
      "45": {
        "start": {
          "line": 94,
          "column": 12
        },
        "end": {
          "line": 102,
          "column": 13
        }
      },
      "46": {
        "start": {
          "line": 95,
          "column": 16
        },
        "end": {
          "line": 95,
          "column": 30
        }
      },
      "47": {
        "start": {
          "line": 96,
          "column": 16
        },
        "end": {
          "line": 96,
          "column": 37
        }
      },
      "48": {
        "start": {
          "line": 97,
          "column": 16
        },
        "end": {
          "line": 97,
          "column": 52
        }
      },
      "49": {
        "start": {
          "line": 98,
          "column": 16
        },
        "end": {
          "line": 100,
          "column": 25
        }
      },
      "50": {
        "start": {
          "line": 99,
          "column": 20
        },
        "end": {
          "line": 99,
          "column": 35
        }
      },
      "51": {
        "start": {
          "line": 101,
          "column": 16
        },
        "end": {
          "line": 101,
          "column": 53
        }
      },
      "52": {
        "start": {
          "line": 104,
          "column": 12
        },
        "end": {
          "line": 111,
          "column": 13
        }
      },
      "53": {
        "start": {
          "line": 105,
          "column": 16
        },
        "end": {
          "line": 110,
          "column": 19
        }
      },
      "54": {
        "start": {
          "line": 113,
          "column": 12
        },
        "end": {
          "line": 113,
          "column": 26
        }
      },
      "55": {
        "start": {
          "line": 114,
          "column": 12
        },
        "end": {
          "line": 114,
          "column": 33
        }
      },
      "56": {
        "start": {
          "line": 115,
          "column": 12
        },
        "end": {
          "line": 115,
          "column": 63
        }
      },
      "57": {
        "start": {
          "line": 117,
          "column": 8
        },
        "end": {
          "line": 119,
          "column": 17
        }
      },
      "58": {
        "start": {
          "line": 118,
          "column": 12
        },
        "end": {
          "line": 118,
          "column": 27
        }
      },
      "59": {
        "start": {
          "line": 121,
          "column": 8
        },
        "end": {
          "line": 121,
          "column": 17
        }
      },
      "60": {
        "start": {
          "line": 124,
          "column": 4
        },
        "end": {
          "line": 229,
          "column": 6
        }
      }
    },
    "fnMap": {
      "0": {
        "name": "LandingSignUp",
        "decl": {
          "start": {
            "line": 13,
            "column": 24
          },
          "end": {
            "line": 13,
            "column": 37
          }
        },
        "loc": {
          "start": {
            "line": 13,
            "column": 40
          },
          "end": {
            "line": 230,
            "column": 1
          }
        },
        "line": 13
      },
      "1": {
        "name": "closeAlerts",
        "decl": {
          "start": {
            "line": 33,
            "column": 13
          },
          "end": {
            "line": 33,
            "column": 24
          }
        },
        "loc": {
          "start": {
            "line": 33,
            "column": 27
          },
          "end": {
            "line": 39,
            "column": 5
          }
        },
        "line": 33
      },
      "2": {
        "name": "handleSign",
        "decl": {
          "start": {
            "line": 41,
            "column": 19
          },
          "end": {
            "line": 41,
            "column": 29
          }
        },
        "loc": {
          "start": {
            "line": 41,
            "column": 37
          },
          "end": {
            "line": 122,
            "column": 5
          }
        },
        "line": 41
      },
      "3": {
        "name": "(anonymous_3)",
        "decl": {
          "start": {
            "line": 88,
            "column": 28
          },
          "end": {
            "line": 88,
            "column": 29
          }
        },
        "loc": {
          "start": {
            "line": 88,
            "column": 34
          },
          "end": {
            "line": 90,
            "column": 17
          }
        },
        "line": 88
      },
      "4": {
        "name": "(anonymous_4)",
        "decl": {
          "start": {
            "line": 98,
            "column": 28
          },
          "end": {
            "line": 98,
            "column": 29
          }
        },
        "loc": {
          "start": {
            "line": 98,
            "column": 34
          },
          "end": {
            "line": 100,
            "column": 17
          }
        },
        "line": 98
      },
      "5": {
        "name": "(anonymous_5)",
        "decl": {
          "start": {
            "line": 117,
            "column": 20
          },
          "end": {
            "line": 117,
            "column": 21
          }
        },
        "loc": {
          "start": {
            "line": 117,
            "column": 26
          },
          "end": {
            "line": 119,
            "column": 9
          }
        },
        "line": 117
      }
    },
    "branchMap": {
      "0": {
        "loc": {
          "start": {
            "line": 52,
            "column": 12
          },
          "end": {
            "line": 58,
            "column": 13
          }
        },
        "type": "if",
        "locations": [
          {
            "start": {
              "line": 52,
              "column": 12
            },
            "end": {
              "line": 58,
              "column": 13
            }
          },
          {
            "start": {
              "line": 52,
              "column": 12
            },
            "end": {
              "line": 58,
              "column": 13
            }
          }
        ],
        "line": 52
      },
      "1": {
        "loc": {
          "start": {
            "line": 52,
            "column": 16
          },
          "end": {
            "line": 52,
            "column": 57
          }
        },
        "type": "binary-expr",
        "locations": [
          {
            "start": {
              "line": 52,
              "column": 16
            },
            "end": {
              "line": 52,
              "column": 21
            }
          },
          {
            "start": {
              "line": 52,
              "column": 25
            },
            "end": {
              "line": 52,
              "column": 34
            }
          },
          {
            "start": {
              "line": 52,
              "column": 38
            },
            "end": {
              "line": 52,
              "column": 44
            }
          },
          {
            "start": {
              "line": 52,
              "column": 48
            },
            "end": {
              "line": 52,
              "column": 57
            }
          }
        ],
        "line": 52
      },
      "2": {
        "loc": {
          "start": {
            "line": 62,
            "column": 12
          },
          "end": {
            "line": 92,
            "column": 13
          }
        },
        "type": "if",
        "locations": [
          {
            "start": {
              "line": 62,
              "column": 12
            },
            "end": {
              "line": 92,
              "column": 13
            }
          },
          {
            "start": {
              "line": 62,
              "column": 12
            },
            "end": {
              "line": 92,
              "column": 13
            }
          }
        ],
        "line": 62
      },
      "3": {
        "loc": {
          "start": {
            "line": 71,
            "column": 20
          },
          "end": {
            "line": 73,
            "column": 21
          }
        },
        "type": "if",
        "locations": [
          {
            "start": {
              "line": 71,
              "column": 20
            },
            "end": {
              "line": 73,
              "column": 21
            }
          },
          {
            "start": {
              "line": 71,
              "column": 20
            },
            "end": {
              "line": 73,
              "column": 21
            }
          }
        ],
        "line": 71
      },
      "4": {
        "loc": {
          "start": {
            "line": 74,
            "column": 20
          },
          "end": {
            "line": 76,
            "column": 21
          }
        },
        "type": "if",
        "locations": [
          {
            "start": {
              "line": 74,
              "column": 20
            },
            "end": {
              "line": 76,
              "column": 21
            }
          },
          {
            "start": {
              "line": 74,
              "column": 20
            },
            "end": {
              "line": 76,
              "column": 21
            }
          }
        ],
        "line": 74
      },
      "5": {
        "loc": {
          "start": {
            "line": 77,
            "column": 20
          },
          "end": {
            "line": 79,
            "column": 21
          }
        },
        "type": "if",
        "locations": [
          {
            "start": {
              "line": 77,
              "column": 20
            },
            "end": {
              "line": 79,
              "column": 21
            }
          },
          {
            "start": {
              "line": 77,
              "column": 20
            },
            "end": {
              "line": 79,
              "column": 21
            }
          }
        ],
        "line": 77
      },
      "6": {
        "loc": {
          "start": {
            "line": 80,
            "column": 20
          },
          "end": {
            "line": 82,
            "column": 21
          }
        },
        "type": "if",
        "locations": [
          {
            "start": {
              "line": 80,
              "column": 20
            },
            "end": {
              "line": 82,
              "column": 21
            }
          },
          {
            "start": {
              "line": 80,
              "column": 20
            },
            "end": {
              "line": 82,
              "column": 21
            }
          }
        ],
        "line": 80
      },
      "7": {
        "loc": {
          "start": {
            "line": 83,
            "column": 20
          },
          "end": {
            "line": 85,
            "column": 21
          }
        },
        "type": "if",
        "locations": [
          {
            "start": {
              "line": 83,
              "column": 20
            },
            "end": {
              "line": 85,
              "column": 21
            }
          },
          {
            "start": {
              "line": 83,
              "column": 20
            },
            "end": {
              "line": 85,
              "column": 21
            }
          }
        ],
        "line": 83
      },
      "8": {
        "loc": {
          "start": {
            "line": 94,
            "column": 12
          },
          "end": {
            "line": 102,
            "column": 13
          }
        },
        "type": "if",
        "locations": [
          {
            "start": {
              "line": 94,
              "column": 12
            },
            "end": {
              "line": 102,
              "column": 13
            }
          },
          {
            "start": {
              "line": 94,
              "column": 12
            },
            "end": {
              "line": 102,
              "column": 13
            }
          }
        ],
        "line": 94
      },
      "9": {
        "loc": {
          "start": {
            "line": 104,
            "column": 12
          },
          "end": {
            "line": 111,
            "column": 13
          }
        },
        "type": "if",
        "locations": [
          {
            "start": {
              "line": 104,
              "column": 12
            },
            "end": {
              "line": 111,
              "column": 13
            }
          },
          {
            "start": {
              "line": 104,
              "column": 12
            },
            "end": {
              "line": 111,
              "column": 13
            }
          }
        ],
        "line": 104
      },
      "10": {
        "loc": {
          "start": {
            "line": 126,
            "column": 13
          },
          "end": {
            "line": 132,
            "column": 13
          }
        },
        "type": "cond-expr",
        "locations": [
          {
            "start": {
              "line": 127,
              "column": 16
            },
            "end": {
              "line": 129,
              "column": 24
            }
          },
          {
            "start": {
              "line": 131,
              "column": 16
            },
            "end": {
              "line": 131,
              "column": 27
            }
          }
        ],
        "line": 126
      },
      "11": {
        "loc": {
          "start": {
            "line": 145,
            "column": 25
          },
          "end": {
            "line": 153,
            "column": 25
          }
        },
        "type": "cond-expr",
        "locations": [
          {
            "start": {
              "line": 146,
              "column": 28
            },
            "end": {
              "line": 148,
              "column": 34
            }
          },
          {
            "start": {
              "line": 150,
              "column": 28
            },
            "end": {
              "line": 152,
              "column": 34
            }
          }
        ],
        "line": 145
      },
      "12": {
        "loc": {
          "start": {
            "line": 159,
            "column": 25
          },
          "end": {
            "line": 169,
            "column": 25
          }
        },
        "type": "cond-expr",
        "locations": [
          {
            "start": {
              "line": 160,
              "column": 28
            },
            "end": {
              "line": 164,
              "column": 34
            }
          },
          {
            "start": {
              "line": 166,
              "column": 28
            },
            "end": {
              "line": 168,
              "column": 34
            }
          }
        ],
        "line": 159
      },
      "13": {
        "loc": {
          "start": {
            "line": 175,
            "column": 25
          },
          "end": {
            "line": 183,
            "column": 25
          }
        },
        "type": "cond-expr",
        "locations": [
          {
            "start": {
              "line": 176,
              "column": 28
            },
            "end": {
              "line": 178,
              "column": 34
            }
          },
          {
            "start": {
              "line": 180,
              "column": 28
            },
            "end": {
              "line": 182,
              "column": 34
            }
          }
        ],
        "line": 175
      },
      "14": {
        "loc": {
          "start": {
            "line": 190,
            "column": 25
          },
          "end": {
            "line": 201,
            "column": 25
          }
        },
        "type": "cond-expr",
        "locations": [
          {
            "start": {
              "line": 191,
              "column": 28
            },
            "end": {
              "line": 196,
              "column": 34
            }
          },
          {
            "start": {
              "line": 198,
              "column": 28
            },
            "end": {
              "line": 200,
              "column": 34
            }
          }
        ],
        "line": 190
      },
      "15": {
        "loc": {
          "start": {
            "line": 208,
            "column": 25
          },
          "end": {
            "line": 216,
            "column": 25
          }
        },
        "type": "cond-expr",
        "locations": [
          {
            "start": {
              "line": 209,
              "column": 28
            },
            "end": {
              "line": 211,
              "column": 34
            }
          },
          {
            "start": {
              "line": 213,
              "column": 28
            },
            "end": {
              "line": 215,
              "column": 34
            }
          }
        ],
        "line": 208
      }
    },
    "s": {
      "0": 1356,
      "1": 1356,
      "2": 1356,
      "3": 1356,
      "4": 1356,
      "5": 1356,
      "6": 1356,
      "7": 1356,
      "8": 1356,
      "9": 1356,
      "10": 1356,
      "11": 1356,
      "12": 1356,
      "13": 1356,
      "14": 10,
      "15": 10,
      "16": 10,
      "17": 10,
      "18": 10,
      "19": 16,
      "20": 16,
      "21": 16,
      "22": 16,
      "23": 2,
      "24": 2,
      "25": 2,
      "26": 14,
      "27": 14,
      "28": 12,
      "29": 10,
      "30": 10,
      "31": 10,
      "32": 10,
      "33": 2,
      "34": 10,
      "35": 2,
      "36": 10,
      "37": 2,
      "38": 10,
      "39": 2,
      "40": 10,
      "41": 2,
      "42": 8,
      "43": 0,
      "44": 8,
      "45": 2,
      "46": 0,
      "47": 0,
      "48": 0,
      "49": 0,
      "50": 0,
      "51": 0,
      "52": 2,
      "53": 2,
      "54": 2,
      "55": 2,
      "56": 2,
      "57": 2,
      "58": 2,
      "59": 2,
      "60": 1356
    },
    "f": {
      "0": 1356,
      "1": 10,
      "2": 16,
      "3": 0,
      "4": 0,
      "5": 2
    },
    "b": {
      "0": [
        2,
        14
      ],
      "1": [
        16,
        14,
        14,
        14
      ],
      "2": [
        12,
        2
      ],
      "3": [
        2,
        8
      ],
      "4": [
        2,
        8
      ],
      "5": [
        2,
        8
      ],
      "6": [
        2,
        8
      ],
      "7": [
        2,
        8
      ],
      "8": [
        0,
        2
      ],
      "9": [
        2,
        0
      ],
      "10": [
        16,
        1340
      ],
      "11": [
        8,
        1348
      ],
      "12": [
        8,
        1348
      ],
      "13": [
        8,
        1348
      ],
      "14": [
        8,
        1348
      ],
      "15": [
        4,
        1352
      ]
    },
    "_coverageSchema": "1a1c01bbd47fc00a2c39e90264f33305004495a9",
    "hash": "148ea3a8fb4eae843fa51fdb4976a4f4163ada80"
  },
  "C:\\Users\\jober\\Documents\\repositories\\2020.1-eSaudeUnB-FrontEnd\\src\\components\\NavBar.js": {
    "path": "C:\\Users\\jober\\Documents\\repositories\\2020.1-eSaudeUnB-FrontEnd\\src\\components\\NavBar.js",
    "statementMap": {
      "0": {
        "start": {
          "line": 15,
          "column": 38
        },
        "end": {
          "line": 15,
          "column": 50
        }
      },
      "1": {
        "start": {
          "line": 16,
          "column": 24
        },
        "end": {
          "line": 16,
          "column": 59
        }
      },
      "2": {
        "start": {
          "line": 17,
          "column": 17
        },
        "end": {
          "line": 17,
          "column": 45
        }
      },
      "3": {
        "start": {
          "line": 19,
          "column": 4
        },
        "end": {
          "line": 53,
          "column": 34
        }
      },
      "4": {
        "start": {
          "line": 20,
          "column": 8
        },
        "end": {
          "line": 52,
          "column": 13
        }
      },
      "5": {
        "start": {
          "line": 21,
          "column": 12
        },
        "end": {
          "line": 51,
          "column": 13
        }
      },
      "6": {
        "start": {
          "line": 22,
          "column": 16
        },
        "end": {
          "line": 48,
          "column": 17
        }
      },
      "7": {
        "start": {
          "line": 23,
          "column": 37
        },
        "end": {
          "line": 25,
          "column": 22
        }
      },
      "8": {
        "start": {
          "line": 27,
          "column": 20
        },
        "end": {
          "line": 34,
          "column": 22
        }
      },
      "9": {
        "start": {
          "line": 36,
          "column": 37
        },
        "end": {
          "line": 38,
          "column": 22
        }
      },
      "10": {
        "start": {
          "line": 40,
          "column": 20
        },
        "end": {
          "line": 47,
          "column": 22
        }
      },
      "11": {
        "start": {
          "line": 55,
          "column": 4
        },
        "end": {
          "line": 176,
          "column": 6
        }
      },
      "12": {
        "start": {
          "line": 168,
          "column": 57
        },
        "end": {
          "line": 168,
          "column": 77
        }
      },
      "13": {
        "start": {
          "line": 179,
          "column": 0
        },
        "end": {
          "line": 182,
          "column": 2
        }
      }
    },
    "fnMap": {
      "0": {
        "name": "NavBar",
        "decl": {
          "start": {
            "line": 14,
            "column": 24
          },
          "end": {
            "line": 14,
            "column": 30
          }
        },
        "loc": {
          "start": {
            "line": 14,
            "column": 41
          },
          "end": {
            "line": 177,
            "column": 1
          }
        },
        "line": 14
      },
      "1": {
        "name": "(anonymous_1)",
        "decl": {
          "start": {
            "line": 19,
            "column": 14
          },
          "end": {
            "line": 19,
            "column": 15
          }
        },
        "loc": {
          "start": {
            "line": 19,
            "column": 20
          },
          "end": {
            "line": 53,
            "column": 5
          }
        },
        "line": 19
      },
      "2": {
        "name": "renderImage",
        "decl": {
          "start": {
            "line": 20,
            "column": 24
          },
          "end": {
            "line": 20,
            "column": 35
          }
        },
        "loc": {
          "start": {
            "line": 20,
            "column": 38
          },
          "end": {
            "line": 52,
            "column": 9
          }
        },
        "line": 20
      },
      "3": {
        "name": "(anonymous_3)",
        "decl": {
          "start": {
            "line": 168,
            "column": 51
          },
          "end": {
            "line": 168,
            "column": 52
          }
        },
        "loc": {
          "start": {
            "line": 168,
            "column": 57
          },
          "end": {
            "line": 168,
            "column": 77
          }
        },
        "line": 168
      }
    },
    "branchMap": {
      "0": {
        "loc": {
          "start": {
            "line": 22,
            "column": 16
          },
          "end": {
            "line": 48,
            "column": 17
          }
        },
        "type": "if",
        "locations": [
          {
            "start": {
              "line": 22,
              "column": 16
            },
            "end": {
              "line": 48,
              "column": 17
            }
          },
          {
            "start": {
              "line": 22,
              "column": 16
            },
            "end": {
              "line": 48,
              "column": 17
            }
          }
        ],
        "line": 22
      },
      "1": {
        "loc": {
          "start": {
            "line": 22,
            "column": 20
          },
          "end": {
            "line": 22,
            "column": 100
          }
        },
        "type": "binary-expr",
        "locations": [
          {
            "start": {
              "line": 22,
              "column": 20
            },
            "end": {
              "line": 22,
              "column": 40
            }
          },
          {
            "start": {
              "line": 22,
              "column": 44
            },
            "end": {
              "line": 22,
              "column": 68
            }
          },
          {
            "start": {
              "line": 22,
              "column": 72
            },
            "end": {
              "line": 22,
              "column": 100
            }
          }
        ],
        "line": 22
      },
      "2": {
        "loc": {
          "start": {
            "line": 61,
            "column": 34
          },
          "end": {
            "line": 61,
            "column": 155
          }
        },
        "type": "cond-expr",
        "locations": [
          {
            "start": {
              "line": 61,
              "column": 119
            },
            "end": {
              "line": 61,
              "column": 142
            }
          },
          {
            "start": {
              "line": 61,
              "column": 145
            },
            "end": {
              "line": 61,
              "column": 155
            }
          }
        ],
        "line": 61
      },
      "3": {
        "loc": {
          "start": {
            "line": 61,
            "column": 35
          },
          "end": {
            "line": 61,
            "column": 115
          }
        },
        "type": "binary-expr",
        "locations": [
          {
            "start": {
              "line": 61,
              "column": 35
            },
            "end": {
              "line": 61,
              "column": 55
            }
          },
          {
            "start": {
              "line": 61,
              "column": 59
            },
            "end": {
              "line": 61,
              "column": 83
            }
          },
          {
            "start": {
              "line": 61,
              "column": 87
            },
            "end": {
              "line": 61,
              "column": 115
            }
          }
        ],
        "line": 61
      },
      "4": {
        "loc": {
          "start": {
            "line": 70,
            "column": 21
          },
          "end": {
            "line": 116,
            "column": 21
          }
        },
        "type": "cond-expr",
        "locations": [
          {
            "start": {
              "line": 71,
              "column": 24
            },
            "end": {
              "line": 88,
              "column": 30
            }
          },
          {
            "start": {
              "line": 90,
              "column": 24
            },
            "end": {
              "line": 115,
              "column": 30
            }
          }
        ],
        "line": 70
      },
      "5": {
        "loc": {
          "start": {
            "line": 70,
            "column": 22
          },
          "end": {
            "line": 70,
            "column": 129
          }
        },
        "type": "binary-expr",
        "locations": [
          {
            "start": {
              "line": 70,
              "column": 22
            },
            "end": {
              "line": 70,
              "column": 45
            }
          },
          {
            "start": {
              "line": 70,
              "column": 49
            },
            "end": {
              "line": 70,
              "column": 69
            }
          },
          {
            "start": {
              "line": 70,
              "column": 73
            },
            "end": {
              "line": 70,
              "column": 97
            }
          },
          {
            "start": {
              "line": 70,
              "column": 101
            },
            "end": {
              "line": 70,
              "column": 129
            }
          }
        ],
        "line": 70
      },
      "6": {
        "loc": {
          "start": {
            "line": 119,
            "column": 29
          },
          "end": {
            "line": 119,
            "column": 50
          }
        },
        "type": "binary-expr",
        "locations": [
          {
            "start": {
              "line": 119,
              "column": 29
            },
            "end": {
              "line": 119,
              "column": 38
            }
          },
          {
            "start": {
              "line": 119,
              "column": 42
            },
            "end": {
              "line": 119,
              "column": 50
            }
          }
        ],
        "line": 119
      },
      "7": {
        "loc": {
          "start": {
            "line": 122,
            "column": 21
          },
          "end": {
            "line": 140,
            "column": 21
          }
        },
        "type": "cond-expr",
        "locations": [
          {
            "start": {
              "line": 123,
              "column": 24
            },
            "end": {
              "line": 130,
              "column": 31
            }
          },
          {
            "start": {
              "line": 132,
              "column": 24
            },
            "end": {
              "line": 139,
              "column": 31
            }
          }
        ],
        "line": 122
      },
      "8": {
        "loc": {
          "start": {
            "line": 122,
            "column": 22
          },
          "end": {
            "line": 122,
            "column": 102
          }
        },
        "type": "binary-expr",
        "locations": [
          {
            "start": {
              "line": 122,
              "column": 22
            },
            "end": {
              "line": 122,
              "column": 42
            }
          },
          {
            "start": {
              "line": 122,
              "column": 46
            },
            "end": {
              "line": 122,
              "column": 70
            }
          },
          {
            "start": {
              "line": 122,
              "column": 74
            },
            "end": {
              "line": 122,
              "column": 102
            }
          }
        ],
        "line": 122
      },
      "9": {
        "loc": {
          "start": {
            "line": 150,
            "column": 25
          },
          "end": {
            "line": 166,
            "column": 25
          }
        },
        "type": "cond-expr",
        "locations": [
          {
            "start": {
              "line": 151,
              "column": 28
            },
            "end": {
              "line": 157,
              "column": 47
            }
          },
          {
            "start": {
              "line": 159,
              "column": 28
            },
            "end": {
              "line": 165,
              "column": 47
            }
          }
        ],
        "line": 150
      },
      "10": {
        "loc": {
          "start": {
            "line": 150,
            "column": 26
          },
          "end": {
            "line": 150,
            "column": 106
          }
        },
        "type": "binary-expr",
        "locations": [
          {
            "start": {
              "line": 150,
              "column": 26
            },
            "end": {
              "line": 150,
              "column": 46
            }
          },
          {
            "start": {
              "line": 150,
              "column": 50
            },
            "end": {
              "line": 150,
              "column": 74
            }
          },
          {
            "start": {
              "line": 150,
              "column": 78
            },
            "end": {
              "line": 150,
              "column": 106
            }
          }
        ],
        "line": 150
      }
    },
    "s": {
      "0": 2656,
      "1": 2656,
      "2": 2656,
      "3": 2656,
      "4": 79,
      "5": 79,
      "6": 79,
      "7": 35,
      "8": 21,
      "9": 44,
      "10": 26,
      "11": 2656,
      "12": 0,
      "13": 135
    },
    "f": {
      "0": 2656,
      "1": 79,
      "2": 79,
      "3": 0
    },
    "b": {
      "0": [
        35,
        44
      ],
      "1": [
        79,
        44,
        44
      ],
      "2": [
        842,
        1814
      ],
      "3": [
        2656,
        1814,
        1814
      ],
      "4": [
        1394,
        1262
      ],
      "5": [
        2656,
        2104,
        1262,
        1262
      ],
      "6": [
        2656,
        2656
      ],
      "7": [
        842,
        1814
      ],
      "8": [
        2656,
        1814,
        1814
      ],
      "9": [
        842,
        1814
      ],
      "10": [
        2656,
        1814,
        1814
      ]
    },
    "_coverageSchema": "1a1c01bbd47fc00a2c39e90264f33305004495a9",
    "hash": "40c184e6f47074010aac888af45d3ac532daf8c6"
  },
  "C:\\Users\\jober\\Documents\\repositories\\2020.1-eSaudeUnB-FrontEnd\\src\\components\\SideBar.js": {
    "path": "C:\\Users\\jober\\Documents\\repositories\\2020.1-eSaudeUnB-FrontEnd\\src\\components\\SideBar.js",
    "statementMap": {
      "0": {
        "start": {
          "line": 10,
          "column": 38
        },
        "end": {
          "line": 10,
          "column": 50
        }
      },
      "1": {
        "start": {
          "line": 11,
          "column": 36
        },
        "end": {
          "line": 11,
          "column": 48
        }
      },
      "2": {
        "start": {
          "line": 12,
          "column": 24
        },
        "end": {
          "line": 12,
          "column": 59
        }
      },
      "3": {
        "start": {
          "line": 13,
          "column": 17
        },
        "end": {
          "line": 13,
          "column": 45
        }
      },
      "4": {
        "start": {
          "line": 15,
          "column": 4
        },
        "end": {
          "line": 49,
          "column": 46
        }
      },
      "5": {
        "start": {
          "line": 16,
          "column": 8
        },
        "end": {
          "line": 48,
          "column": 13
        }
      },
      "6": {
        "start": {
          "line": 17,
          "column": 12
        },
        "end": {
          "line": 47,
          "column": 13
        }
      },
      "7": {
        "start": {
          "line": 18,
          "column": 16
        },
        "end": {
          "line": 44,
          "column": 17
        }
      },
      "8": {
        "start": {
          "line": 19,
          "column": 37
        },
        "end": {
          "line": 21,
          "column": 22
        }
      },
      "9": {
        "start": {
          "line": 22,
          "column": 20
        },
        "end": {
          "line": 22,
          "column": 52
        }
      },
      "10": {
        "start": {
          "line": 23,
          "column": 20
        },
        "end": {
          "line": 30,
          "column": 22
        }
      },
      "11": {
        "start": {
          "line": 32,
          "column": 37
        },
        "end": {
          "line": 34,
          "column": 22
        }
      },
      "12": {
        "start": {
          "line": 35,
          "column": 20
        },
        "end": {
          "line": 35,
          "column": 52
        }
      },
      "13": {
        "start": {
          "line": 36,
          "column": 20
        },
        "end": {
          "line": 43,
          "column": 22
        }
      },
[...]
            "column": 40
          },
          "end": {
            "line": 121,
            "column": 41
          }
        },
        "loc": {
          "start": {
            "line": 121,
            "column": 49
          },
          "end": {
            "line": 126,
            "column": 33
          }
        },
        "line": 121
      },
      "7": {
        "name": "(anonymous_7)",
        "decl": {
          "start": {
            "line": 127,
            "column": 37
          },
          "end": {
            "line": 127,
            "column": 38
          }
        },
        "loc": {
          "start": {
            "line": 128,
            "column": 36
          },
          "end": {
            "line": 185,
            "column": 48
          }
        },
        "line": 128
      }
    },
    "branchMap": {
      "0": {
        "loc": {
          "start": {
            "line": 32,
            "column": 16
          },
          "end": {
            "line": 36,
            "column": 17
          }
        },
        "type": "if",
        "locations": [
          {
            "start": {
              "line": 32,
              "column": 16
            },
            "end": {
              "line": 36,
              "column": 17
            }
          },
          {
            "start": {
              "line": 32,
              "column": 16
            },
            "end": {
              "line": 36,
              "column": 17
            }
          }
        ],
        "line": 32
      },
      "1": {
        "loc": {
          "start": {
            "line": 54,
            "column": 25
          },
          "end": {
            "line": 186,
            "column": 34
          }
        },
        "type": "cond-expr",
        "locations": [
          {
            "start": {
              "line": 55,
              "column": 30
            },
            "end": {
              "line": 119,
              "column": 30
            }
          },
          {
            "start": {
              "line": 120,
              "column": 30
            },
            "end": {
              "line": 186,
              "column": 34
            }
          }
        ],
        "line": 54
      },
      "2": {
        "loc": {
          "start": {
            "line": 59,
            "column": 45
          },
          "end": {
            "line": 76,
            "column": 45
          }
        },
        "type": "cond-expr",
        "locations": [
          {
            "start": {
              "line": 60,
              "column": 48
            },
            "end": {
              "line": 69,
              "column": 50
            }
          },
          {
            "start": {
              "line": 71,
              "column": 48
            },
            "end": {
              "line": 75,
              "column": 50
            }
          }
        ],
        "line": 59
      },
      "3": {
        "loc": {
          "start": {
            "line": 131,
            "column": 49
          },
          "end": {
            "line": 148,
            "column": 49
          }
        },
        "type": "cond-expr",
        "locations": [
          {
            "start": {
              "line": 132,
              "column": 52
            },
            "end": {
              "line": 141,
              "column": 54
            }
          },
          {
            "start": {
              "line": 143,
              "column": 52
            },
            "end": {
              "line": 147,
              "column": 54
            }
          }
        ],
        "line": 131
      }
    },
    "s": {
      "0": 30,
      "1": 30,
      "2": 30,
      "3": 30,
      "4": 5,
      "5": 5,
      "6": 3,
      "7": 2,
      "8": 2,
      "9": 2,
      "10": 0,
      "11": 30,
      "12": 6,
      "13": 14,
      "14": 14,
      "15": 14,
      "16": 135
    },
    "f": {
      "0": 30,
      "1": 5,
      "2": 3,
      "3": 2,
      "4": 2,
      "5": 6,
      "6": 14,
      "7": 14
    },
    "b": {
      "0": [
        2,
        0
      ],
      "1": [
        16,
        14
      ],
      "2": [
        0,
        6
      ],
      "3": [
        0,
        14
      ]
    },
    "_coverageSchema": "1a1c01bbd47fc00a2c39e90264f33305004495a9",
    "hash": "1c51e9bba12dd5f7255829f84b8a08b3bb82d97a"
  },
  "C:\\Users\\jober\\Documents\\repositories\\2020.1-eSaudeUnB-FrontEnd\\src\\pages\\UserSchedule\\index.js": {
    "path": "C:\\Users\\jober\\Documents\\repositories\\2020.1-eSaudeUnB-FrontEnd\\src\\pages\\UserSchedule\\index.js",
    "statementMap": {
      "0": {
        "start": {
          "line": 9,
          "column": 44
        },
        "end": {
          "line": 9,
          "column": 56
        }
      },
      "1": {
        "start": {
          "line": 10,
          "column": 18
        },
        "end": {
          "line": 10,
          "column": 46
        }
      },
      "2": {
        "start": {
          "line": 11,
          "column": 46
        },
        "end": {
          "line": 11,
          "column": 56
        }
      },
      "3": {
        "start": {
          "line": 12,
          "column": 24
        },
        "end": {
          "line": 12,
          "column": 59
        }
      },
      "4": {
        "start": {
          "line": 14,
          "column": 21
        },
        "end": {
          "line": 40,
          "column": 5
        }
      },
      "5": {
        "start": {
          "line": 42,
          "column": 4
        },
        "end": {
          "line": 53,
          "column": 29
        }
      },
      "6": {
        "start": {
          "line": 44,
          "column": 29
        },
        "end": {
          "line": 49,
          "column": 13
        }
      },
      "7": {
        "start": {
          "line": 50,
          "column": 12
        },
        "end": {
          "line": 50,
          "column": 43
        }
      },
      "8": {
        "start": {
          "line": 52,
          "column": 8
        },
        "end": {
          "line": 52,
          "column": 18
        }
      },
      "9": {
        "start": {
          "line": 56,
          "column": 8
        },
        "end": {
          "line": 56,
          "column": 31
        }
      },
      "10": {
        "start": {
          "line": 57,
          "column": 25
        },
        "end": {
          "line": 59,
          "column": 10
        }
      },
      "11": {
        "start": {
          "line": 60,
          "column": 40
        },
        "end": {
          "line": 60,
          "column": 53
        }
      },
      "12": {
        "start": {
          "line": 62,
          "column": 8
        },
        "end": {
          "line": 72,
          "column": 11
        }
      },
      "13": {
        "start": {
          "line": 63,
          "column": 12
        },
        "end": {
          "line": 70,
          "column": 15
        }
      },
      "14": {
        "start": {
          "line": 64,
          "column": 16
        },
        "end": {
          "line": 68,
          "column": 17
        }
      },
      "15": {
        "start": {
          "line": 65,
          "column": 20
        },
        "end": {
          "line": 65,
          "column": 49
        }
      },
      "16": {
        "start": {
          "line": 66,
          "column": 20
        },
        "end": {
          "line": 66,
          "column": 43
        }
      },
      "17": {
        "start": {
          "line": 67,
          "column": 20
        },
        "end": {
          "line": 67,
          "column": 61
        }
      },
      "18": {
        "start": {
          "line": 69,
          "column": 16
        },
        "end": {
          "line": 69,
          "column": 25
        }
      },
      "19": {
        "start": {
          "line": 71,
          "column": 12
        },
        "end": {
          "line": 71,
          "column": 21
        }
      },
      "20": {
        "start": {
          "line": 74,
          "column": 8
        },
        "end": {
          "line": 83,
          "column": 10
        }
      },
      "21": {
        "start": {
          "line": 86,
          "column": 4
        },
        "end": {
          "line": 131,
          "column": 6
        }
      },
      "22": {
        "start": {
          "line": 96,
          "column": 36
        },
        "end": {
          "line": 119,
          "column": 42
        }
      },
      "23": {
        "start": {
          "line": 104,
          "column": 61
        },
        "end": {
          "line": 104,
          "column": 93
        }
      },
      "24": {
        "start": {
          "line": 109,
          "column": 52
        },
        "end": {
          "line": 115,
          "column": 61
        }
      },
      "25": {
        "start": {
          "line": 134,
          "column": 0
        },
        "end": {
          "line": 137,
          "column": 2
        }
      }
    },
    "fnMap": {
      "0": {
        "name": "UserSchedule",
        "decl": {
          "start": {
            "line": 8,
            "column": 24
          },
          "end": {
            "line": 8,
            "column": 36
          }
        },
        "loc": {
          "start": {
            "line": 8,
            "column": 44
          },
          "end": {
            "line": 132,
            "column": 1
          }
        },
        "line": 8
      },
      "1": {
        "name": "(anonymous_1)",
        "decl": {
          "start": {
            "line": 42,
            "column": 14
          },
          "end": {
            "line": 42,
            "column": 15
          }
        },
        "loc": {
          "start": {
            "line": 42,
            "column": 20
          },
          "end": {
            "line": 53,
            "column": 5
          }
        },
        "line": 42
      },
      "2": {
        "name": "getData",
        "decl": {
          "start": {
            "line": 43,
            "column": 23
          },
          "end": {
            "line": 43,
            "column": 30
          }
        },
        "loc": {
          "start": {
            "line": 43,
            "column": 33
          },
          "end": {
            "line": 51,
            "column": 9
          }
        },
        "line": 43
      },
      "3": {
        "name": "saveAppointment",
        "decl": {
          "start": {
            "line": 55,
            "column": 19
          },
          "end": {
            "line": 55,
            "column": 34
          }
        },
        "loc": {
          "start": {
            "line": 55,
            "column": 42
          },
          "end": {
            "line": 84,
            "column": 5
          }
        },
        "line": 55
      },
      "4": {
        "name": "(anonymous_4)",
        "decl": {
          "start": {
            "line": 62,
            "column": 33
          },
          "end": {
            "line": 62,
            "column": 34
          }
        },
        "loc": {
          "start": {
            "line": 62,
            "column": 46
          },
          "end": {
            "line": 72,
            "column": 9
          }
        },
        "line": 62
      },
      "5": {
        "name": "(anonymous_5)",
        "decl": {
          "start": {
            "line": 63,
            "column": 36
          },
          "end": {
            "line": 63,
            "column": 37
          }
        },
        "loc": {
          "start": {
            "line": 63,
            "column": 53
          },
          "end": {
            "line": 70,
            "column": 13
          }
        },
        "line": 63
      },
      "6": {
        "name": "(anonymous_6)",
        "decl": {
          "start": {
            "line": 95,
            "column": 57
          },
          "end": {
            "line": 95,
            "column": 58
          }
        },
        "loc": {
          "start": {
            "line": 96,
            "column": 36
          },
          "end": {
            "line": 119,
            "column": 42
          }
        },
        "line": 96
      },
      "7": {
        "name": "(anonymous_7)",
        "decl": {
          "start": {
            "line": 104,
            "column": 54
          },
          "end": {
            "line": 104,
            "column": 55
          }
        },
        "loc": {
          "start": {
            "line": 104,
            "column": 61
          },
          "end": {
            "line": 104,
            "column": 93
          }
        },
        "line": 104
      },
      "8": {
        "name": "(anonymous_8)",
        "decl": {
          "start": {
            "line": 108,
            "column": 48
          },
          "end": {
            "line": 108,
            "column": 49
          }
        },
        "loc": {
          "start": {
            "line": 109,
            "column": 52
          },
          "end": {
            "line": 115,
            "column": 61
          }
        },
        "line": 109
      }
    },
    "branchMap": {
      "0": {
        "loc": {
          "start": {
            "line": 64,
            "column": 16
          },
          "end": {
            "line": 68,
            "column": 17
          }
        },
        "type": "if",
        "locations": [
          {
            "start": {
              "line": 64,
              "column": 16
            },
            "end": {
              "line": 68,
              "column": 17
            }
          },
          {
            "start": {
              "line": 64,
              "column": 16
            },
            "end": {
              "line": 68,
              "column": 17
            }
          }
        ],
        "line": 64
      },
      "1": {
        "loc": {
          "start": {
            "line": 93,
            "column": 25
          },
          "end": {
            "line": 125,
            "column": 29
          }
        },
        "type": "cond-expr",
        "locations": [
          {
            "start": {
              "line": 95,
              "column": 32
            },
            "end": {
              "line": 120,
              "column": 34
            }
          },
          {
            "start": {
              "line": 122,
              "column": 32
            },
            "end": {
              "line": 124,
              "column": 38
            }
          }
        ],
        "line": 93
      },
      "2": {
        "loc": {
          "start": {
            "line": 93,
            "column": 25
          },
          "end": {
            "line": 94,
            "column": 58
          }
        },
        "type": "binary-expr",
        "locations": [
          {
            "start": {
              "line": 93,
              "column": 25
            },
            "end": {
              "line": 93,
              "column": 59
            }
          },
          {
            "start": {
              "line": 94,
              "column": 27
            },
            "end": {
              "line": 94,
              "column": 58
            }
          }
        ],
        "line": 93
      }
    },
    "s": {
      "0": 0,
      "1": 0,
      "2": 0,
      "3": 0,
      "4": 0,
      "5": 0,
      "6": 0,
      "7": 0,
      "8": 0,
      "9": 0,
      "10": 0,
      "11": 0,
      "12": 0,
      "13": 0,
      "14": 0,
      "15": 0,
      "16": 0,
      "17": 0,
      "18": 0,
      "19": 0,
      "20": 0,
      "21": 0,
      "22": 0,
      "23": 0,
      "24": 0,
      "25": 135
    },
    "f": {
      "0": 0,
      "1": 0,
      "2": 0,
      "3": 0,
      "4": 0,
      "5": 0,
      "6": 0,
      "7": 0,
      "8": 0
    },
    "b": {
      "0": [
        0,
        0
      ],
      "1": [
        0,
        0
      ],
      "2": [
        0,
        0
      ]
    },
    "_coverageSchema": "1a1c01bbd47fc00a2c39e90264f33305004495a9",
    "hash": "64d8892598ff0070f95f71d7f02d805653181f71"
  },
  "C:\\Users\\jober\\Documents\\repositories\\2020.1-eSaudeUnB-FrontEnd\\src\\pages\\NotFound\\index.js": {
    "path": "C:\\Users\\jober\\Documents\\repositories\\2020.1-eSaudeUnB-FrontEnd\\src\\pages\\NotFound\\index.js",
    "statementMap": {
      "0": {
        "start": {
          "line": 6,
          "column": 4
        },
        "end": {
          "line": 13,
          "column": 6
        }
      }
    },
    "fnMap": {
      "0": {
        "name": "NotFound",
        "decl": {
          "start": {
            "line": 5,
            "column": 24
          },
          "end": {
            "line": 5,
            "column": 32
          }
        },
        "loc": {
          "start": {
            "line": 5,
            "column": 35
          },
          "end": {
            "line": 14,
            "column": 1
          }
        },
        "line": 5
      }
    },
    "branchMap": {},
    "s": {
      "0": 2
    },
    "f": {
      "0": 2
    },
    "b": {},
    "_coverageSchema": "1a1c01bbd47fc00a2c39e90264f33305004495a9",
    "hash": "853e3c3766b813a56a16eccc2c6113b09fb54fa7"
  },
  "C:\\Users\\jober\\Documents\\repositories\\2020.1-eSaudeUnB-FrontEnd\\src\\routes.js": {
    "path": "C:\\Users\\jober\\Documents\\repositories\\2020.1-eSaudeUnB-FrontEnd\\src\\routes.js",
    "statementMap": {
      "0": {
        "start": {
          "line": 25,
          "column": 4
        },
        "end": {
          "line": 49,
          "column": 6
        }
      }
    },
    "fnMap": {
      "0": {
        "name": "Routes",
        "decl": {
          "start": {
            "line": 24,
            "column": 24
          },
          "end": {
            "line": 24,
            "column": 30
          }
        },
        "loc": {
          "start": {
            "line": 24,
            "column": 33
          },
          "end": {
            "line": 50,
            "column": 1
          }
        },
        "line": 24
      }
    },
    "branchMap": {},
    "s": {
      "0": 135
    },
    "f": {
      "0": 135
    },
    "b": {},
    "_coverageSchema": "1a1c01bbd47fc00a2c39e90264f33305004495a9",
    "hash": "b35681c2c3b021580024b33fffca569f1d765aed"
  },
  "C:\\Users\\jober\\Documents\\repositories\\2020.1-eSaudeUnB-FrontEnd\\src\\App.js": {
    "path": "C:\\Users\\jober\\Documents\\repositories\\2020.1-eSaudeUnB-FrontEnd\\src\\App.js",
    "statementMap": {
      "0": {
        "start": {
          "line": 6,
          "column": 4
        },
        "end": {
          "line": 8,
          "column": 6
        }
      }
    },
    "fnMap": {
      "0": {
        "name": "App",
        "decl": {
          "start": {
            "line": 5,
            "column": 9
          },
          "end": {
            "line": 5,
            "column": 12
          }
        },
        "loc": {
          "start": {
            "line": 5,
            "column": 15
          },
          "end": {
            "line": 9,
            "column": 1
          }
        },
        "line": 5
      }
    },
    "branchMap": {},
    "s": {
      "0": 135
    },
    "f": {
      "0": 135
    },
    "b": {},
    "_coverageSchema": "1a1c01bbd47fc00a2c39e90264f33305004495a9",
    "hash": "b70a1da0997243a55f18676555352933346b68d5"
  },
  "C:\\Users\\jober\\Documents\\repositories\\2020.1-eSaudeUnB-FrontEnd\\src\\index.js": {
    "path": "C:\\Users\\jober\\Documents\\repositories\\2020.1-eSaudeUnB-FrontEnd\\src\\index.js",
    "statementMap": {
      "0": {
        "start": {
          "line": 7,
          "column": 0
        },
        "end": {
          "line": 12,
          "column": 2
        }
      }
    },
    "fnMap": {},
    "branchMap": {},
    "s": {
      "0": 135
    },
    "f": {},
    "b": {},
    "_coverageSchema": "1a1c01bbd47fc00a2c39e90264f33305004495a9",
    "hash": "765a0f28a57c02ee9fb2fd2a170c456803c3df90"
  }
}